<?xml version="1.0" encoding="UTF-8"?>
<testsuite xmlns:xsi="http://www.w3.org/2001/XMLSchema-instance" xsi:noNamespaceSchemaLocation="https://maven.apache.org/surefire/maven-surefire-plugin/xsd/surefire-test-report.xsd" name="com.jzq.AppTest" time="0.079" tests="1" errors="0" skipped="0" failures="0">
  <properties>
    <property name="sun.desktop" value="windows"/>
    <property name="awt.toolkit" value="sun.awt.windows.WToolkit"/>
    <property name="file.encoding.pkg" value="sun.io"/>
    <property name="java.specification.version" value="1.8"/>
    <property name="sun.cpu.isalist" value="amd64"/>
    <property name="sun.jnu.encoding" value="GBK"/>
    <property name="java.class.path" value="F:\云易办\yeb\yeb_generator\target\test-classes;F:\云易办\yeb\yeb_generator\target\classes;F:\maven\apache-maven-3.6.1\repository\org\springframework\boot\spring-boot-starter-web\2.3.0.RELEASE\spring-boot-starter-web-2.3.0.RELEASE.jar;F:\maven\apache-maven-3.6.1\repository\org\springframework\boot\spring-boot-starter\2.3.0.RELEASE\spring-boot-starter-2.3.0.RELEASE.jar;F:\maven\apache-maven-3.6.1\repository\org\springframework\boot\spring-boot\2.3.0.RELEASE\spring-boot-2.3.0.RELEASE.jar;F:\maven\apache-maven-3.6.1\repository\org\springframework\boot\spring-boot-starter-logging\2.3.0.RELEASE\spring-boot-starter-logging-2.3.0.RELEASE.jar;F:\maven\apache-maven-3.6.1\repository\ch\qos\logback\logback-classic\1.2.3\logback-classic-1.2.3.jar;F:\maven\apache-maven-3.6.1\repository\ch\qos\logback\logback-core\1.2.3\logback-core-1.2.3.jar;F:\maven\apache-maven-3.6.1\repository\org\apache\logging\log4j\log4j-to-slf4j\2.13.2\log4j-to-slf4j-2.13.2.jar;F:\maven\apache-maven-3.6.1\repository\org\apache\logging\log4j\log4j-api\2.13.2\log4j-api-2.13.2.jar;F:\maven\apache-maven-3.6.1\repository\org\slf4j\jul-to-slf4j\1.7.30\jul-to-slf4j-1.7.30.jar;F:\maven\apache-maven-3.6.1\repository\jakarta\annotation\jakarta.annotation-api\1.3.5\jakarta.annotation-api-1.3.5.jar;F:\maven\apache-maven-3.6.1\repository\org\springframework\spring-core\5.2.6.RELEASE\spring-core-5.2.6.RELEASE.jar;F:\maven\apache-maven-3.6.1\repository\org\springframework\spring-jcl\5.2.6.RELEASE\spring-jcl-5.2.6.RELEASE.jar;F:\maven\apache-maven-3.6.1\repository\org\yaml\snakeyaml\1.26\snakeyaml-1.26.jar;F:\maven\apache-maven-3.6.1\repository\org\springframework\boot\spring-boot-starter-json\2.3.0.RELEASE\spring-boot-starter-json-2.3.0.RELEASE.jar;F:\maven\apache-maven-3.6.1\repository\com\fasterxml\jackson\core\jackson-databind\2.11.0\jackson-databind-2.11.0.jar;F:\maven\apache-maven-3.6.1\repository\com\fasterxml\jackson\core\jackson-annotations\2.11.0\jackson-annotations-2.11.0.jar;F:\maven\apache-maven-3.6.1\repository\com\fasterxml\jackson\core\jackson-core\2.11.0\jackson-core-2.11.0.jar;F:\maven\apache-maven-3.6.1\repository\com\fasterxml\jackson\datatype\jackson-datatype-jdk8\2.11.0\jackson-datatype-jdk8-2.11.0.jar;F:\maven\apache-maven-3.6.1\repository\com\fasterxml\jackson\datatype\jackson-datatype-jsr310\2.11.0\jackson-datatype-jsr310-2.11.0.jar;F:\maven\apache-maven-3.6.1\repository\com\fasterxml\jackson\module\jackson-module-parameter-names\2.11.0\jackson-module-parameter-names-2.11.0.jar;F:\maven\apache-maven-3.6.1\repository\org\springframework\boot\spring-boot-starter-tomcat\2.3.0.RELEASE\spring-boot-starter-tomcat-2.3.0.RELEASE.jar;F:\maven\apache-maven-3.6.1\repository\org\apache\tomcat\embed\tomcat-embed-core\9.0.35\tomcat-embed-core-9.0.35.jar;F:\maven\apache-maven-3.6.1\repository\org\glassfish\jakarta.el\3.0.3\jakarta.el-3.0.3.jar;F:\maven\apache-maven-3.6.1\repository\org\apache\tomcat\embed\tomcat-embed-websocket\9.0.35\tomcat-embed-websocket-9.0.35.jar;F:\maven\apache-maven-3.6.1\repository\org\springframework\spring-web\5.2.6.RELEASE\spring-web-5.2.6.RELEASE.jar;F:\maven\apache-maven-3.6.1\repository\org\springframework\spring-beans\5.2.6.RELEASE\spring-beans-5.2.6.RELEASE.jar;F:\maven\apache-maven-3.6.1\repository\org\springframework\spring-webmvc\5.2.6.RELEASE\spring-webmvc-5.2.6.RELEASE.jar;F:\maven\apache-maven-3.6.1\repository\org\springframework\spring-aop\5.2.6.RELEASE\spring-aop-5.2.6.RELEASE.jar;F:\maven\apache-maven-3.6.1\repository\org\springframework\spring-context\5.2.6.RELEASE\spring-context-5.2.6.RELEASE.jar;F:\maven\apache-maven-3.6.1\repository\org\springframework\spring-expression\5.2.6.RELEASE\spring-expression-5.2.6.RELEASE.jar;F:\maven\apache-maven-3.6.1\repository\com\baomidou\mybatis-plus-boot-starter\3.3.1.tmp\mybatis-plus-boot-starter-3.3.1.tmp.jar;F:\maven\apache-maven-3.6.1\repository\com\baomidou\mybatis-plus\3.3.1.tmp\mybatis-plus-3.3.1.tmp.jar;F:\maven\apache-maven-3.6.1\repository\org\springframework\boot\spring-boot-autoconfigure\2.3.0.RELEASE\spring-boot-autoconfigure-2.3.0.RELEASE.jar;F:\maven\apache-maven-3.6.1\repository\org\springframework\boot\spring-boot-starter-jdbc\2.3.0.RELEASE\spring-boot-starter-jdbc-2.3.0.RELEASE.jar;F:\maven\apache-maven-3.6.1\repository\com\zaxxer\HikariCP\3.4.5\HikariCP-3.4.5.jar;F:\maven\apache-maven-3.6.1\repository\org\slf4j\slf4j-api\1.7.30\slf4j-api-1.7.30.jar;F:\maven\apache-maven-3.6.1\repository\org\springframework\spring-jdbc\5.2.6.RELEASE\spring-jdbc-5.2.6.RELEASE.jar;F:\maven\apache-maven-3.6.1\repository\org\springframework\spring-tx\5.2.6.RELEASE\spring-tx-5.2.6.RELEASE.jar;F:\maven\apache-maven-3.6.1\repository\com\baomidou\mybatis-plus-generator\3.3.1.tmp\mybatis-plus-generator-3.3.1.tmp.jar;F:\maven\apache-maven-3.6.1\repository\com\baomidou\mybatis-plus-extension\3.3.1.tmp\mybatis-plus-extension-3.3.1.tmp.jar;F:\maven\apache-maven-3.6.1\repository\com\baomidou\mybatis-plus-core\3.3.1.tmp\mybatis-plus-core-3.3.1.tmp.jar;F:\maven\apache-maven-3.6.1\repository\com\baomidou\mybatis-plus-annotation\3.3.1.tmp\mybatis-plus-annotation-3.3.1.tmp.jar;F:\maven\apache-maven-3.6.1\repository\com\github\jsqlparser\jsqlparser\3.1\jsqlparser-3.1.jar;F:\maven\apache-maven-3.6.1\repository\org\mybatis\mybatis\3.5.3\mybatis-3.5.3.jar;F:\maven\apache-maven-3.6.1\repository\org\mybatis\mybatis-spring\2.0.3\mybatis-spring-2.0.3.jar;F:\maven\apache-maven-3.6.1\repository\org\freemarker\freemarker\2.3.30\freemarker-2.3.30.jar;F:\maven\apache-maven-3.6.1\repository\mysql\mysql-connector-java\8.0.20\mysql-connector-java-8.0.20.jar;F:\maven\apache-maven-3.6.1\repository\junit\junit\4.13\junit-4.13.jar;F:\maven\apache-maven-3.6.1\repository\org\hamcrest\hamcrest-core\2.2\hamcrest-core-2.2.jar;F:\maven\apache-maven-3.6.1\repository\org\hamcrest\hamcrest\2.2\hamcrest-2.2.jar;"/>
    <property name="java.vm.vendor" value="Oracle Corporation"/>
    <property name="sun.arch.data.model" value="64"/>
    <property name="user.variant" value=""/>
    <property name="java.vendor.url" value="http://java.oracle.com/"/>
    <property name="user.timezone" value="Asia/Shanghai"/>
    <property name="java.vm.specification.version" value="1.8"/>
    <property name="os.name" value="Windows 10"/>
    <property name="user.country" value="CN"/>
    <property name="sun.java.launcher" value="SUN_STANDARD"/>
    <property name="sun.boot.library.path" value="F:\jdk\jre\bin"/>
    <property name="sun.java.command" value="C:\Users\86156\AppData\Local\Temp\surefire5335849478302646887\surefirebooter8357619846062346355.jar C:\Users\86156\AppData\Local\Temp\surefire5335849478302646887 2022-10-08T16-51-08_100-jvmRun1 surefire9148990912186915347tmp surefire_03341152765177045935tmp"/>
    <property name="surefire.test.class.path" value="F:\云易办\yeb\yeb_generator\target\test-classes;F:\云易办\yeb\yeb_generator\target\classes;F:\maven\apache-maven-3.6.1\repository\org\springframework\boot\spring-boot-starter-web\2.3.0.RELEASE\spring-boot-starter-web-2.3.0.RELEASE.jar;F:\maven\apache-maven-3.6.1\repository\org\springframework\boot\spring-boot-starter\2.3.0.RELEASE\spring-boot-starter-2.3.0.RELEASE.jar;F:\maven\apache-maven-3.6.1\repository\org\springframework\boot\spring-boot\2.3.0.RELEASE\spring-boot-2.3.0.RELEASE.jar;F:\maven\apache-maven-3.6.1\repository\org\springframework\boot\spring-boot-starter-logging\2.3.0.RELEASE\spring-boot-starter-logging-2.3.0.RELEASE.jar;F:\maven\apache-maven-3.6.1\repository\ch\qos\logback\logback-classic\1.2.3\logback-classic-1.2.3.jar;F:\maven\apache-maven-3.6.1\repository\ch\qos\logback\logback-core\1.2.3\logback-core-1.2.3.jar;F:\maven\apache-maven-3.6.1\repository\org\apache\logging\log4j\log4j-to-slf4j\2.13.2\log4j-to-slf4j-2.13.2.jar;F:\maven\apache-maven-3.6.1\repository\org\apache\logging\log4j\log4j-api\2.13.2\log4j-api-2.13.2.jar;F:\maven\apache-maven-3.6.1\repository\org\slf4j\jul-to-slf4j\1.7.30\jul-to-slf4j-1.7.30.jar;F:\maven\apache-maven-3.6.1\repository\jakarta\annotation\jakarta.annotation-api\1.3.5\jakarta.annotation-api-1.3.5.jar;F:\maven\apache-maven-3.6.1\repository\org\springframework\spring-core\5.2.6.RELEASE\spring-core-5.2.6.RELEASE.jar;F:\maven\apache-maven-3.6.1\repository\org\springframework\spring-jcl\5.2.6.RELEASE\spring-jcl-5.2.6.RELEASE.jar;F:\maven\apache-maven-3.6.1\repository\org\yaml\snakeyaml\1.26\snakeyaml-1.26.jar;F:\maven\apache-maven-3.6.1\repository\org\springframework\boot\spring-boot-starter-json\2.3.0.RELEASE\spring-boot-starter-json-2.3.0.RELEASE.jar;F:\maven\apache-maven-3.6.1\repository\com\fasterxml\jackson\core\jackson-databind\2.11.0\jackson-databind-2.11.0.jar;F:\maven\apache-maven-3.6.1\repository\com\fasterxml\jackson\core\jackson-annotations\2.11.0\jackson-annotations-2.11.0.jar;F:\maven\apache-maven-3.6.1\repository\com\fasterxml\jackson\core\jackson-core\2.11.0\jackson-core-2.11.0.jar;F:\maven\apache-maven-3.6.1\repository\com\fasterxml\jackson\datatype\jackson-datatype-jdk8\2.11.0\jackson-datatype-jdk8-2.11.0.jar;F:\maven\apache-maven-3.6.1\repository\com\fasterxml\jackson\datatype\jackson-datatype-jsr310\2.11.0\jackson-datatype-jsr310-2.11.0.jar;F:\maven\apache-maven-3.6.1\repository\com\fasterxml\jackson\module\jackson-module-parameter-names\2.11.0\jackson-module-parameter-names-2.11.0.jar;F:\maven\apache-maven-3.6.1\repository\org\springframework\boot\spring-boot-starter-tomcat\2.3.0.RELEASE\spring-boot-starter-tomcat-2.3.0.RELEASE.jar;F:\maven\apache-maven-3.6.1\repository\org\apache\tomcat\embed\tomcat-embed-core\9.0.35\tomcat-embed-core-9.0.35.jar;F:\maven\apache-maven-3.6.1\repository\org\glassfish\jakarta.el\3.0.3\jakarta.el-3.0.3.jar;F:\maven\apache-maven-3.6.1\repository\org\apache\tomcat\embed\tomcat-embed-websocket\9.0.35\tomcat-embed-websocket-9.0.35.jar;F:\maven\apache-maven-3.6.1\repository\org\springframework\spring-web\5.2.6.RELEASE\spring-web-5.2.6.RELEASE.jar;F:\maven\apache-maven-3.6.1\repository\org\springframework\spring-beans\5.2.6.RELEASE\spring-beans-5.2.6.RELEASE.jar;F:\maven\apache-maven-3.6.1\repository\org\springframework\spring-webmvc\5.2.6.RELEASE\spring-webmvc-5.2.6.RELEASE.jar;F:\maven\apache-maven-3.6.1\repository\org\springframework\spring-aop\5.2.6.RELEASE\spring-aop-5.2.6.RELEASE.jar;F:\maven\apache-maven-3.6.1\repository\org\springframework\spring-context\5.2.6.RELEASE\spring-context-5.2.6.RELEASE.jar;F:\maven\apache-maven-3.6.1\repository\org\springframework\spring-expression\5.2.6.RELEASE\spring-expression-5.2.6.RELEASE.jar;F:\maven\apache-maven-3.6.1\repository\com\baomidou\mybatis-plus-boot-starter\3.3.1.tmp\mybatis-plus-boot-starter-3.3.1.tmp.jar;F:\maven\apache-maven-3.6.1\repository\com\baomidou\mybatis-plus\3.3.1.tmp\mybatis-plus-3.3.1.tmp.jar;F:\maven\apache-maven-3.6.1\repository\org\springframework\boot\spring-boot-autoconfigure\2.3.0.RELEASE\spring-boot-autoconfigure-2.3.0.RELEASE.jar;F:\maven\apache-maven-3.6.1\repository\org\springframework\boot\spring-boot-starter-jdbc\2.3.0.RELEASE\spring-boot-starter-jdbc-2.3.0.RELEASE.jar;F:\maven\apache-maven-3.6.1\repository\com\zaxxer\HikariCP\3.4.5\HikariCP-3.4.5.jar;F:\maven\apache-maven-3.6.1\repository\org\slf4j\slf4j-api\1.7.30\slf4j-api-1.7.30.jar;F:\maven\apache-maven-3.6.1\repository\org\springframework\spring-jdbc\5.2.6.RELEASE\spring-jdbc-5.2.6.RELEASE.jar;F:\maven\apache-maven-3.6.1\repository\org\springframework\spring-tx\5.2.6.RELEASE\spring-tx-5.2.6.RELEASE.jar;F:\maven\apache-maven-3.6.1\repository\com\baomidou\mybatis-plus-generator\3.3.1.tmp\mybatis-plus-generator-3.3.1.tmp.jar;F:\maven\apache-maven-3.6.1\repository\com\baomidou\mybatis-plus-extension\3.3.1.tmp\mybatis-plus-extension-3.3.1.tmp.jar;F:\maven\apache-maven-3.6.1\repository\com\baomidou\mybatis-plus-core\3.3.1.tmp\mybatis-plus-core-3.3.1.tmp.jar;F:\maven\apache-maven-3.6.1\repository\com\baomidou\mybatis-plus-annotation\3.3.1.tmp\mybatis-plus-annotation-3.3.1.tmp.jar;F:\maven\apache-maven-3.6.1\repository\com\github\jsqlparser\jsqlparser\3.1\jsqlparser-3.1.jar;F:\maven\apache-maven-3.6.1\repository\org\mybatis\mybatis\3.5.3\mybatis-3.5.3.jar;F:\maven\apache-maven-3.6.1\repository\org\mybatis\mybatis-spring\2.0.3\mybatis-spring-2.0.3.jar;F:\maven\apache-maven-3.6.1\repository\org\freemarker\freemarker\2.3.30\freemarker-2.3.30.jar;F:\maven\apache-maven-3.6.1\repository\mysql\mysql-connector-java\8.0.20\mysql-connector-java-8.0.20.jar;F:\maven\apache-maven-3.6.1\repository\junit\junit\4.13\junit-4.13.jar;F:\maven\apache-maven-3.6.1\repository\org\hamcrest\hamcrest-core\2.2\hamcrest-core-2.2.jar;F:\maven\apache-maven-3.6.1\repository\org\hamcrest\hamcrest\2.2\hamcrest-2.2.jar;"/>
    <property name="sun.cpu.endian" value="little"/>
    <property name="user.home" value="C:\Users\86156"/>
    <property name="user.language" value="zh"/>
    <property name="java.specification.vendor" value="Oracle Corporation"/>
    <property name="java.home" value="F:\jdk\jre"/>
    <property name="basedir" value="F:\云易办\yeb\yeb_generator"/>
    <property name="file.separator" value="\"/>
    <property name="line.separator" value="&#10;"/>
    <property name="java.vm.specification.vendor" value="Oracle Corporation"/>
    <property name="java.specification.name" value="Java Platform API Specification"/>
    <property name="java.awt.graphicsenv" value="sun.awt.Win32GraphicsEnvironment"/>
    <property name="surefire.real.class.path" value="C:\Users\86156\AppData\Local\Temp\surefire5335849478302646887\surefirebooter8357619846062346355.jar"/>
    <property name="sun.boot.class.path" value="F:\jdk\jre\lib\resources.jar;F:\jdk\jre\lib\rt.jar;F:\jdk\jre\lib\sunrsasign.jar;F:\jdk\jre\lib\jsse.jar;F:\jdk\jre\lib\jce.jar;F:\jdk\jre\lib\charsets.jar;F:\jdk\jre\lib\jfr.jar;F:\jdk\jre\classes"/>
    <property name="user.script" value=""/>
    <property name="sun.management.compiler" value="HotSpot 64-Bit Tiered Compilers"/>
    <property name="java.runtime.version" value="1.8.0_131-b11"/>
    <property name="user.name" value="86156"/>
    <property name="path.separator" value=";"/>
    <property name="os.version" value="10.0"/>
    <property name="java.endorsed.dirs" value="F:\jdk\jre\lib\endorsed"/>
    <property name="java.runtime.name" value="Java(TM) SE Runtime Environment"/>
    <property name="file.encoding" value="GBK"/>
    <property name="java.vm.name" value="Java HotSpot(TM) 64-Bit Server VM"/>
    <property name="idea.version2020.1" value="true"/>
    <property name="localRepository" value="F:\maven\apache-maven-3.6.1\repository"/>
    <property name="java.vendor.url.bug" value="http://bugreport.sun.com/bugreport/"/>
    <property name="java.io.tmpdir" value="C:\Users\86156\AppData\Local\Temp\"/>
    <property name="java.version" value="1.8.0_131"/>
    <property name="user.dir" value="F:\云易办\yeb\yeb_generator"/>
    <property name="os.arch" value="amd64"/>
    <property name="java.vm.specification.name" value="Java Virtual Machine Specification"/>
    <property name="java.awt.printerjob" value="sun.awt.windows.WPrinterJob"/>
    <property name="sun.os.patch.level" value=""/>
    <property name="java.library.path" value="F:\jdk\jre\bin;C:\WINDOWS\Sun\Java\bin;C:\WINDOWS\system32;C:\WINDOWS;F:\Vmware\bin\;F:\ProgramData\Anaconda3;F:\ProgramData\Anaconda3\Library\mingw-w64\bin;F:\ProgramData\Anaconda3\Library\usr\bin;F:\ProgramData\Anaconda3\Library\bin;F:\ProgramData\Anaconda3\Scripts;D:\Scripts\;D:\;C:\WINDOWS\system32;C:\WINDOWS;C:\WINDOWS\System32\Wbem;C:\WINDOWS\System32\WindowsPowerShell\v1.0\;C:\WINDOWS\System32\OpenSSH\;C:\Program Files (x86)\Microsoft SQL Server\100\Tools\Binn\;C:\Program Files\Microsoft SQL Server\100\Tools\Binn\;C:\Program Files\Microsoft SQL Server\100\DTS\Binn\;C:\Program Files\dotnet\;C:\Program Files\Microsoft SQL Server\130\Tools\Binn\;F:\mysql\bin;D:\bin;D:\mysql\bin;C:\MongoDB\Server\3.4\bin;F:\jdk\bin;F:\jdk\jre\bin;F:\maven\hadoop-3.1.0\bin;F:\Scala\bin;F:\Scala\bin;F:\maven\apache-maven-3.6.1\bin;F:\nodejs\;C:\Users\86156\AppData\Roaming\npm;C:\Users\86156\AppData\Local\Programs\Python\Python38\Scripts\;C:\Users\86156\AppData\Local\Programs\Python\Python38\;C:\Users\86156\AppData\Local\Microsoft\WindowsApps;;F:\PyCharm Community Edition 2020.2.1\bin;;C:\Users\86156\AppData\Local\Programs\Microsoft VS Code\bin;C:\Users\86156\.dotnet\tools;F:\Program Files\JetBrains\PyCharm 2019.3.3\bin;;C:\Users\86156\AppData\Roaming\npm;."/>
    <property name="java.vm.info" value="mixed mode"/>
    <property name="java.vendor" value="Oracle Corporation"/>
    <property name="java.vm.version" value="25.131-b11"/>
    <property name="java.ext.dirs" value="F:\jdk\jre\lib\ext;C:\WINDOWS\Sun\Java\lib\ext"/>
    <property name="sun.io.unicode.encoding" value="UnicodeLittle"/>
    <property name="java.class.version" value="52.0"/>
  </properties>
  <testcase name="shouldAnswerWithTrue" classname="com.jzq.AppTest" time="0.002"/>
</testsuite>